1659541462545	geckodriver	INFO	Listening on 127.0.0.1:56891
1659541465785	mozrunner::runner	INFO	Running command: "C:\\Program Files\\Mozilla Firefox\\firefox.exe" "--marionette" "--remote-debugging-port" "56892" "--remote-allow-hosts" "localhost" "-no-remote" "-profile" "C:\\Users\\GLEISS~1.SAN\\AppData\\Local\\Temp\\rust_mozprofileymFxR1"
1659541466653	Marionette	INFO	Marionette enabled
1659541466659	Marionette	INFO	Listening on port 56908
WebDriver BiDi listening on ws://localhost:56892
Read port: 56908
1659541466853	RemoteAgent	WARN	TLS certificate errors will be ignored for this session
console.warn: SearchSettings: "get: No settings file exists, new profile?" (new NotFoundError("Could not open the file at C:\\Users\\GLEISS~1.SAN\\AppData\\Local\\Temp\\rust_mozprofileymFxR1\\search.json.mozlz4", (void 0)))
DevTools listening on ws://localhost:56892/devtools/browser/5ff1fd17-ecc4-4927-861a-af1d525b8100
1659541483894	Marionette	INFO	Stopped listening on port 56908
console.warn: TopSitesFeed: Failed to fetch data from Contile server: NetworkError when attempting to fetch resource.
1659541507895	geckodriver	INFO	Listening on 127.0.0.1:57049
1659541510915	mozrunner::runner	INFO	Running command: "C:\\Program Files\\Mozilla Firefox\\firefox.exe" "--marionette" "--remote-debugging-port" "57050" "--remote-allow-hosts" "localhost" "-no-remote" "-profile" "C:\\Users\\GLEISS~1.SAN\\AppData\\Local\\Temp\\rust_mozprofileddrqb5"
1659541511416	Marionette	INFO	Marionette enabled
1659541511420	Marionette	INFO	Listening on port 57069
WebDriver BiDi listening on ws://localhost:57050
Read port: 57069
1659541511589	RemoteAgent	WARN	TLS certificate errors will be ignored for this session
console.warn: SearchSettings: "get: No settings file exists, new profile?" (new NotFoundError("Could not open the file at C:\\Users\\GLEISS~1.SAN\\AppData\\Local\\Temp\\rust_mozprofileddrqb5\\search.json.mozlz4", (void 0)))
DevTools listening on ws://localhost:57050/devtools/browser/1c6450e1-4c89-4b1c-9e7b-e23033b73ad7
1659541556853	Marionette	INFO	Stopped listening on port 57069
console.warn: TopSitesFeed: Failed to fetch data from Contile server: NetworkError when attempting to fetch resource.
remote-debugging-port" "57219" "--remote-allow-hosts" "localhost" "-no-remote" "-profile" "C:\\Users\\GLEISS~1.SAN\\AppData\\Local\\Temp\\rust_mozprofilea1Okep"
1659541554496	Marionette	INFO	Marionette enabled
1659541554500	Marionette	INFO	Listening on port 57237
WebDriver BiDi listening on ws://localhost:57219
Read port: 57237
1659541554656	RemoteAgent	WARN	TLS certificate errors will be ignored for this session
console.warn: SearchSettings: "get: No settings file exists, new profile?" (new NotFoundError("Could not open the file at C:\\Users\\GLEISS~1.SAN\\AppData\\Local\\Temp\\rust_mozprofilea1Okep\\search.json.mozlz4", (void 0)))
DevTools listening on ws://localhost:57219/devtools/browser/050320a8-a873-4348-baef-302406975634
1659541558516	Marionette	INFO	Stopped listening on port 57237
console.warn: TopSitesFeed: Failed to fetch data from Contile server: NetworkError when attempting to fetch resource.
JavaScript error: chrome://remote/content/marionette/cert.js, line 57: NS_ERROR_NOT_AVAILABLE: Component returned failure code: 0x80040111 (NS_ERROR_NOT_AVAILABLE) [nsICertOverrideService.setDisableAllSecurityChecksAndLetAttackersInterceptMyData]
!!! error running onStopped callback: TypeError: callback is not a function
1659541558562	RemoteAgent	ERROR	unable to stop listener: [Exception... "Component returned failure code: 0x80040111 (NS_ERROR_NOT_AVAILABLE) [nsICertOverrideService.setDisableAllSecurityChecksAndLetAttackersInterceptMyData]"  nsresult: "0x80040111 (NS_ERROR_NOT_AVAILABLE)"  location: "JS frame :: chrome://remote/content/marionette/cert.js :: allowAllCerts.disable :: line 57"  data: no] Stack trace: allowAllCerts.disable()@cert.js:57
destroy()@Session.jsm:207
deleteSession()@WebDriverBiDi.jsm:148
stop()@WebDriverBiDi.jsm:227
observe()@resource://gre/modules/AsyncShutdown.jsm:577
1659541562334	geckodriver	INFO	Listening on 127.0.0.1:57283
1659541565273	mozrunner::runner	INFO	Running command: "C:\\Program Files\\Mozilla Firefox\\firefox.exe" "--marionette" "--remote-debugging-port" "57284" "--remote-allow-hosts" "localhost" "-no-remote" "-profile" "C:\\Users\\GLEISS~1.SAN\\AppData\\Local\\Temp\\rust_mozprofileDu38h7"
1659541565953	Marionette	INFO	Marionette enabled
1659541565957	Marionette	INFO	Listening on port 57305
WebDriver BiDi listening on ws://localhost:57284
Read port: 57305
1659541566442	RemoteAgent	WARN	TLS certificate errors will be ignored for this session
console.warn: SearchSettings: "get: No settings file exists, new profile?" (new NotFoundError("Could not open the file at C:\\Users\\GLEISS~1.SAN\\AppData\\Local\\Temp\\rust_mozprofileDu38h7\\search.json.mozlz4", (void 0)))
DevTools listening on ws://localhost:57284/devtools/browser/45eee6c7-df70-4605-a4c4-992b90e54e33
JavaScript error: https://curso-python-selenium.netlify.app/js/brython_modules.js, line 1: ReferenceError: __BRYTHON__ is not defined
1659541599976	Marionette	INFO	Stopped listening on port 57305
console.warn: TopSitesFeed: Failed to fetch data from Contile server: NetworkError when attempting to fetch resource.
1659542323738	geckodriver	INFO	Listening on 127.0.0.1:59570
1659542326752	mozrunner::runner	INFO	Running command: "C:\\Program Files\\Mozilla Firefox\\firefox.exe" "--marionette" "--remote-debugging-port" "59571" "--remote-allow-hosts" "localhost" "-no-remote" "-profile" "C:\\Users\\GLEISS~1.SAN\\AppData\\Local\\Temp\\rust_mozprofileF4qgQo"
1659542327483	Marionette	INFO	Marionette enabled
1659542327490	Marionette	INFO	Listening on port 59591
WebDriver BiDi listening on ws://localhost:59571
Read port: 59591
1659542327662	RemoteAgent	WARN	TLS certificate errors will be ignored for this session
console.warn: SearchSettings: "get: No settings file exists, new profile?" (new NotFoundError("Could not open the file at C:\\Users\\GLEISS~1.SAN\\AppData\\Local\\Temp\\rust_mozprofileF4qgQo\\search.json.mozlz4", (void 0)))
DevTools listening on ws://localhost:59571/devtools/browser/46dcfd46-6922-4962-a3bb-5e502198931f
1659542371550	Marionette	INFO	Stopped listening on port 59591659542372618	mozrunner::runner	INFO	Running command: "C:\\Program Files\\Mozilla Firefox\\firefox.exe" "--marionette" "--remote-debugging-port" "59734" "--remote-allow-hosts" "localhost" "-no-remote" "-profile" "C:\\Users\\GLEISS~1.SAN\\AppData\\Local\\Temp\\rust_mozprofileWxopaw"
1659542373160	Marionette	INFO	Marionette enabled
1659542373164	Marionette	INFO	Listening on port 59751
WebDriver BiDi listening on ws://localhost:59734
Read port: 59751
1659542373318	RemoteAgent	WARN	TLS certificate errors will be ignored for this session
console.warn: SearchSettings: "get: No settings file exists, new profile?" (new NotFoundError("Could not open the file at C:\\Users\\GLEISS~1.SAN\\AppData\\Local\\Temp\\rust_mozprofileWxopaw\\search.json.mozlz4", (void 0)))
DevTools listening on ws://localhost:59734/devtools/browser/19ba3a83-a22f-4f5b-be83-a7dc6c4f674b
JavaScript error: resource://gre/modules/AsyncShutdown.jsm, line 577: NotFoundError: No such JSWindowActor 'DevToolsFrame'
1659542415335	Marionette	INFO	Stopped listening on port 59751
console.warn: TopSitesFeed: Failed to fetch data from Contile server: NetworkError when attempting to fetch resource.
1659542419768	geckodriver	INFO	Listening on 127.0.0.1:59923
1659542422803	mozrunner::runner	INFO	Running command: "C:\\Program Files\\Mozilla Firefox\\firefox.exe" "--marionette" "--remote-debugging-port" "59924" "--remote-allow-hosts" "localhost" "-no-remote" "-profile" "C:\\Users\\GLEISS~1.SAN\\AppData\\Local\\Temp\\rust_mozprofileZ47EhI"
1659542423266	Marionette	INFO	Marionette enabled
1659542423270	Marionette	INFO	Listening on port 59941
WebDriver BiDi listening on ws://localhost:59924
Read port: 59941
1659542423420	RemoteAgent	WARN	TLS certificate errors will be ignored for this session
console.warn: SearchSettings: "get: No settings file exists, new profile?" (new NotFoundError("Could not open the file at C:\\Users\\GLEISS~1.SAN\\AppData\\Local\\Temp\\rust_mozprofileZ47EhI\\search.json.mozlz4", (void 0)))
DevTools listening on ws://localhost:59924/devtools/browser/4133c9cb-e867-4bdb-835e-a94a4271c7e5
JavaScript error: resource://gre/modules/AsyncShutdown.jsm, line 577: NotFoundError: No such JSWindowActor 'DevToolsFrame'
1659542449964	Marionette	INFO	Stopped listening on port 59941
1659542486236	geckodriver	INFO	Listening on 127.0.0.1:60150
1659542489182	mozrunner::runner	INFO	Running command: "C:\\Program Files\\Mozilla Firefox\\firefox.exe" "--marionette" "--remote-debugging-port" "60151" "--remote-allow-hosts" "localhost" "-no-remote" "-profile" "C:\\Users\\GLEISS~1.SAN\\AppData\\Local\\Temp\\rust_mozprofileTkZ7iw"
1659542489658	Marionette	INFO	Marionette enabled
1659542489662	Marionette	INFO	Listening on port 60169
WebDriver BiDi listening on ws://localhost:60151
Read port: 60169
1659542489814	RemoteAgent	WARN	TLS certificate errors will be ignored for this session
console.warn: SearchSettings: "get: No settings file exists, new profile?" (new NotFoundError("Could not open the file at C:\\Users\\GLEISS~1.SAN\\AppData\\Local\\Temp\\rust_mozprofileTkZ7iw\\search.json.mozlz4", (void 0)))
DevTools listening on ws://localhost:60151/devtools/browser/5465dfbf-711c-41a1-b1a2-82722ea9ea29
1659542570317	Marionette	INFO	Stopped listening on port 60169
console.warn: TopSitesFeed: Failed to fetch data from Contile server: NetworkError when attempting to fetch resource.
1659542571753	geckodriver	INFO	Listening on 127.0.0.1:60438
1659542574728	mozrunner::runner	INFO	Running command: "C:\\Program Files\\Mozilla Firefox\\firefox.exe" "--marionette" "--remote-debugging-port" "60439" "--remote-allow-hosts" "localhost" "-no-remote" "-profile" "C:\\Users\\GLEISS~1.SAN\\AppData\\Local\\Temp\\rust_mozprofile6SwjKx"
1659542575267	Marionette	INFO	Marionette enabled
1659542575271	Marionette	INFO	Listening on port 60456
WebDriver BiDi listening on ws://localhost:60439
Read port: 60456
1659542575434	RemoteAgent	WARN	TLS certificate errors will be ignored for this session
console.warn: SearchSettings: "get: No settings file exists, new profile?" (new NotFoundError("Could not open the file at C:\\Users\\GLEISS~1.SAN\\AppData\\Local\\Temp\\rust_mozprofile6SwjKx\\search.json.mozlz4", (void 0)))
DevTools listening on ws://localhost:60439/devtools/browser/0439baad-5137-4374-9777-e8c30b27bd78
1659542605824	Marionette	WARN	TimedPromise timed out after 500 ms: stacktrace:
TimedPromise/<@chrome://remote/content/marionette/sync.js:237:24
TimedPromise@chrome://remote/content/marionette/sync.js:222:10
interaction.flushEventLoop@chrome://remote/content/marionette/interaction.js:431:10
webdriverClickElement@chrome://remote/content/marionette/interaction.js:179:31
JavaScript error: resource://gre/modules/AsyncShutdown.jsm, line 577: NotFoundError: No such JSWindowActor 'DevToolsFrame'
1659544113477	Marionette	INFO	Stopped listening on port 60456
console.warn: TopSitesFeed: Failed to fetch data from Contile server: NetworkError when attempting to fetch resource.
1659544117907	geckodriver	INFO	Listening on 127.0.0.1:64980
1659544120872	mozrunner::runner	INFO	Running command: "C:\\Program Files\\Mozilla Firefox\\firefox.exe" "--marionette" "--remote-debugging-port" "64981" "--remote-allow-hosts" "localhost" "-no-remote" "-profile" "C:\\Users\\GLEISS~1.SAN\\AppData\\Local\\Temp\\rust_mozprofileSZx8Bw"
1659544121594	Marionette	INFO	Marionette enabled
1659544121598	Marionette	INFO	Listening on port 64998
WebDriver BiDi listening on ws://localhost:64981
Read port: 64998
1659544121753	RemoteAgent	WARN	TLS certificate errors will be ignored for this session
console.warn: SearchSettings: "get: No settings file exists, new profile?" (new NotFoundError("Could not open the file at C:\\Users\\GLEISS~1.SAN\\AppData\\Local\\Temp\\rust_mozprofileSZx8Bw\\search.json.mozlz4", (void 0)))
DevTools listening on ws://localhost:64981/devtools/browser/366758f6-70e4-4437-b74b-a01692af02f8
JavaScript error: , line 0: NotFoundError: No such JSWindowActor 'DevToolsFrame'
1659544204944	Marionette	WARN	TimedPromise timed out after 500 ms: stacktrace:
TimedPromise/<@chrome://remote/content/marionette/sync.js:237:24
TimedPromise@chrome://remote/content/marionette/sync.js:222:10
interaction.flushEventLoop@chrome://remote/content/marionette/interaction.js:431:10
webdriverClickElement@chrome://remote/content/marionette/interaction.js:179:31
1659544204960	Marionette	WARN	TimedPromise timed out after 500 ms: stacktrace:
TimedPromise/<@chrome://remote/content/marionette/sync.js:237:24
TimedPromise@chrome://remote/content/marionette/sync.js:222:10
interaction.flushEventLoop@chrome://remote/content/marionette/interaction.js:431:10
webdriverClickElement@chrome://remote/content/marionette/interaction.js:179:31
1659544209432	Marionette	WARN	TimedPromise timed out after 500 ms: stacktrace:
TimedPromise/<@chrome://remote/content/marionette/sync.js:237:24
TimedPromise@chrome://remote/content/marionette/sync.js:222:10
interaction.flushEventLoop@chrome://remote/content/marionette/interaction.js:431:10
webdriverClickElement@chrome://remote/content/marionette/interaction.js:179:31
1659544210644	Marionette	WARN	TimedPromise timed out after 500 ms: stacktrace:
TimedPromise/<@chrome://remote/content/marionette/sync.js:237:24
TimedPromise@chrome://remote/content/marionette/sync.js:222:10
interaction.flushEventLoop@chrome://remote/content/marionette/interaction.js:431:10
webdriverClickElement@chrome://remote/content/marionette/interaction.js:179:31
JavaScript error: , line 0: NotFoundError: No such JSWindowActor 'DevToolsFrame'
1659544390343	Marionette	WARN	TimedPromise timed out after 500 ms: stacktrace:
TimedPromise/<@chrome://remote/content/marionette/sync.js:237:24
TimedPromise@chrome://remote/content/marionette/sync.js:222:10
interaction.flushEventLoop@chrome://remote/content/marionette/interaction.js:431:10
webdriverClickElement@chrome://remote/content/marionette/interaction.js:179:31
1659544391575	Marionette	WARN	TimedPromise timed out after 500 ms: stacktrace:
TimedPromise/<@chrome://remote/content/marionette/sync.js:237:24
TimedPromise@chrome://remote/content/marionette/sync.js:222:10
interaction.flushEventLoop@chrome://remote/content/marionette/interaction.js:431:10
webdriverClickElement@chrome://remote/content/marionette/interaction.js:179:31
1659544392810	Marionette	WARN	TimedPromise timed out after 500 ms: stacktrace:
TimedPromise/<@chrome://remote/content/marionette/sync.js:237:24
TimedPromise@chrome://remote/content/marionette/sync.js:222:10
interaction.flushEventLoop@chrome://remote/content/marionette/interaction.js:431:10
webdriverClickElement@chrome://remote/content/marionette/interaction.js:179:31
1659544394042	Marionette	WARN	TimedPromise timed out after 500 ms: stacktrace:
TimedPromise/<@chrome://remote/content/marionette/sync.js:237:24
TimedPromise@chrome://remote/content/marionette/sync.js:222:10
interaction.flushEventLoop@chrome://remote/content/marionette/interaction.js:431:10
webdriverClickElement@chrome://remote/content/marionette/interaction.js:179:31
1659544395272	Marionette	WARN	TimedPromise timed out after 500 ms: stacktrace:
TimedPromise/<@chrome://remote/content/marionette/sync.js:237:24
TimedPromise@chrome://remote/content/marionette/sync.js:222:10
interaction.flushEventLoop@chrome://remote/content/marionette/interaction.js:431:10
webdriverClickElement@chrome://remote/content/marionette/interaction.js:179:31
1659544429505	Marionette	WARN	TimedPromise timed out after 500 ms: stacktrace:
TimedPromise/<@chrome://remote/content/marionette/sync.js:237:24
TimedPromise@chrome://remote/content/marionette/sync.js:222:10
interaction.flushEventLoop@chrome://remote/content/marionette/interaction.js:431:10
webdriverClickElement@chrome://remote/content/marionette/interaction.js:179:31
1659544430733	Marionette	WARN	TimedPromise timed out after 500 ms: stacktrace:
TimedPromise/<@chrome://remote/content/marionette/sync.js:237:24
TimedPromise@chrome://remote/content/marionette/sync.js:222:10
interaction.flushEventLoop@chrome://remote/content/marionette/interaction.js:431:10
webdriverClickElement@chrome://remote/content/marionette/interaction.js:179:31
1659544559431	Marionette	WARN	TimedPromise timed out after 500 ms: stacktrace:
TimedPromise/<@chrome://remote/content/marionette/sync.js:237:24
TimedPromise@chrome://remote/content/marionette/sync.js:222:10
interaction.flushEventLoop@chrome://remote/content/marionette/interaction.js:431:10
webdriverClickElement@chrome://remote/content/marionette/interaction.js:179:31
1659544560661	Marionette	WARN	TimedPromise timed out after 500 ms: stacktrace:
TimedPromise/<@chrome://remote/content/marionette/sync.js:237:24
TimedPromise@chrome://remote/content/marionette/sync.js:222:10
interaction.flushEventLoop@chrome://remote/content/marionette/interaction.js:431:10
webdriverClickElement@chrome://remote/content/marionette/interaction.js:179:31
1659544561894	Marionette	WARN	TimedPromise timed out after 500 ms: stacktrace:
TimedPromise/<@chrome://remote/content/marionette/sync.js:237:24
TimedPromise@chrome://remote/content/marionette/sync.js:222:10
interaction.flushEventLoop@chrome://remote/content/marionette/interaction.js:431:10
webdriverClickElement@chrome://remote/content/marionette/interaction.js:179:31
1659544563122	Marionette	WARN	TimedPromise timed out after 500 ms: stacktrace:
TimedPromise/<@chrome://remote/content/marionette/sync.js:237:24
TimedPromise@chrome://remote/content/marionette/sync.js:222:10
interaction.flushEventLoop@chrome://remote/content/marionette/interaction.js:431:10
webdriverClickElement@chrome://remote/content/marionette/interaction.js:179:31
1659544564374	Marionette	WARN	TimedPromise timed out after 500 ms: stacktrace:
TimedPromise/<@chrome://remote/content/marionette/sync.js:237:24
TimedPromise@chrome://remote/content/marionette/sync.js:222:10
interaction.flushEventLoop@chrome://remote/content/marionette/interaction.js:431:10
webdriverClickElement@chrome://remote/content/marionette/interaction.js:179:31
JavaScript error: , line 0: NotFoundError: No such JSWindowActor 'DevToolsFrame'
1659545007781	Marionette	WARN	Ignoring event 'DOMContentLoaded' because document has an invalid readyState of 'complete'.
1659545155741	Marionette	WARN	TimedPromise timed out after 500 ms: stacktrace:
TimedPromise/<@chrome://remote/content/marionette/sync.js:237:24
TimedPromise@chrome://remote/content/marionette/sync.js:222:10
interaction.flushEventLoop@chrome://remote/content/marionette/interaction.js:431:10
webdriverClickElement@chrome://remote/content/marionette/interaction.js:179:31
1659545267240	Marionette	WARN	TimedPromise timed out after 500 ms: stacktrace:
TimedPromise/<@chrome://remote/content/marionette/sync.js:237:24
TimedPromise@chrome://remote/content/marionette/sync.js:222:10
interaction.flushEventLoop@chrome://remote/content/marionette/interaction.js:431:10
webdriverClickElement@chrome://remote/content/marionette/interaction.js:179:31
1659545268459	Marionette	WARN	TimedPromise timed out after 500 ms: stacktrace:
TimedPromise/<@chrome://remote/content/marionette/sync.js:237:24
TimedPromise@chrome://remote/content/marionette/sync.js:222:10
interaction.flushEventLoop@chrome://remote/content/marionette/interaction.js:431:10
webdriverClickElement@chrome://remote/content/marionette/interaction.js:179:31
1659545269677	Marionette	WARN	TimedPromise timed out after 500 ms: stacktrace:
TimedPromise/<@chrome://remote/content/marionette/sync.js:237:24
TimedPromise@chrome://remote/content/marionette/sync.js:222:10
interaction.flushEventLoop@chrome://remote/content/marionette/interaction.js:431:10
webdriverClickElement@chrome://remote/content/marionette/interaction.js:179:31
1659545270895	Marionette	WARN	TimedPromise timed out after 500 ms: stacktrace:
TimedPromise/<@chrome://remote/content/marionette/sync.js:237:24
TimedPromise@chrome://remote/content/marionette/sync.js:222:10
interaction.flushEventLoop@chrome://remote/content/marionette/interaction.js:431:10
webdriverClickElement@chrome://remote/content/marionette/interaction.js:179:31
1659545272124	Marionette	WARN	TimedPromise timed out after 500 ms: stacktrace:
TimedPromise/<@chrome://remote/content/marionette/sync.js:237:24
TimedPromise@chrome://remote/content/marionette/sync.js:222:10
interaction.flushEventLoop@chrome://remote/content/marionette/interaction.js:431:10
webdriverClickElement@chrome://remote/content/marionette/interaction.js:179:31
1659545292419	Marionette	WARN	TimedPromise timed out after 500 ms: stacktrace:
TimedPromise/<@chrome://remote/content/marionette/sync.js:237:24
TimedPromise@chrome://remote/content/marionette/sync.js:222:10
interaction.flushEventLoop@chrome://remote/content/marionette/interaction.js:431:10
webdriverClickElement@chrome://remote/content/marionette/interaction.js:179:31
1659545293638	Marionette	WARN	TimedPromise timed out after 500 ms: stacktrace:
TimedPromise/<@chrome://remote/content/marionette/sync.js:237:24
TimedPromise@chrome://remote/content/marionette/sync.js:222:10
interaction.flushEventLoop@chrome://remote/content/marionette/interaction.js:431:10
webdriverClickElement@chrome://remote/content/marionette/interaction.js:179:31
1659545294859	Marionette	WARN	TimedPromise timed out after 500 ms: stacktrace:
TimedPromise/<@chrome://remote/content/marionette/sync.js:237:24
TimedPromise@chrome://remote/content/marionette/sync.js:222:10
interaction.flushEventLoop@chrome://remote/content/marionette/interaction.js:431:10
webdriverClickElement@chrome://remote/content/marionette/interaction.js:179:31
1659545296076	Marionette	WARN	TimedPromise timed out after 500 ms: stacktrace:
TimedPromise/<@chrome://remote/content/marionette/sync.js:237:24
TimedPromise@chrome://remote/content/marionette/sync.js:222:10
interaction.flushEventLoop@chrome://remote/content/marionette/interaction.js:431:10
webdriverClickElement@chrome://remote/content/marionette/interaction.js:179:31
1659545325894	Marionette	WARN	TimedPromise timed out after 500 ms: stacktrace:
TimedPromise/<@chrome://remote/content/marionette/sync.js:237:24
TimedPromise@chrome://remote/content/marionette/sync.js:222:10
interaction.flushEventLoop@chrome://remote/content/marionette/interaction.js:431:10
webdriverClickElement@chrome://remote/content/marionette/interaction.js:179:31
1659545404176	Marionette	WARN	TimedPromise timed out after 500 ms: stacktrace:
TimedPromise/<@chrome://remote/content/marionette/sync.js:237:24
TimedPromise@chrome://remote/content/marionette/sync.js:222:10
interaction.flushEventLoop@chrome://remote/content/marionette/interaction.js:431:10
webdriverClickElement@chrome://remote/content/marionette/interaction.js:179:31
1659545498227	Marionette	WARN	TimedPromise timed out after 500 ms: stacktrace:
TimedPromise/<@chrome://remote/content/marionette/sync.js:237:24
TimedPromise@chrome://remote/content/marionette/sync.js:222:10
interaction.flushEventLoop@chrome://remote/content/marionette/interaction.js:431:10
webdriverClickElement@chrome://remote/content/marionette/interaction.js:179:31
1659545514249	Marionette	WARN	TimedPromise timed out after 500 ms: stacktrace:
TimedPromise/<@chrome://remote/content/marionette/sync.js:237:24
TimedPromise@chrome://remote/content/marionette/sync.js:222:10
interaction.flushEventLoop@chrome://remote/content/marionette/interaction.js:431:10
webdriverClickElement@chrome://remote/content/marionette/interaction.js:179:31
1659545536090	Marionette	WARN	TimedPromise timed out after 500 ms: stacktrace:
TimedPromise/<@chrome://remote/content/marionette/sync.js:237:24
TimedPromise@chrome://remote/content/marionette/sync.js:222:10
interaction.flushEventLoop@chrome://remote/content/marionette/interaction.js:431:10
webdriverClickElement@chrome://remote/content/marionette/interaction.js:179:31
1659545539527	Marionette	WARN	TimedPromise timed out after 500 ms: stacktrace:
TimedPromise/<@chrome://remote/content/marionette/sync.js:237:24
TimedPromise@chrome://remote/content/marionette/sync.js:222:10
interaction.flushEventLoop@chrome://remote/content/marionette/interaction.js:431:10
webdriverClickElement@chrome://remote/content/marionette/interaction.js:179:31
1659545540771	Marionette	WARN	TimedPromise timed out after 500 ms: stacktrace:
TimedPromise/<@chrome://remote/content/marionette/sync.js:237:24
TimedPromise@chrome://remote/content/marionette/sync.js:222:10
interaction.flushEventLoop@chrome://remote/content/marionette/interaction.js:431:10
webdriverClickElement@chrome://remote/content/marionette/interaction.js:179:31
1659545542026	Marionette	WARN	TimedPromise timed out after 500 ms: stacktrace:
TimedPromise/<@chrome://remote/content/marionette/sync.js:237:24
TimedPromise@chrome://remote/content/marionette/sync.js:222:10
interaction.flushEventLoop@chrome://remote/content/marionette/interaction.js:431:10
webdriverClickElement@chrome://remote/content/marionette/interaction.js:179:31
1659545543256	Marionette	WARN	TimedPromise timed out after 500 ms: stacktrace:
TimedPromise/<@chrome://remote/content/marionette/sync.js:237:24
TimedPromise@chrome://remote/content/marionette/sync.js:222:10
interaction.flushEventLoop@chrome://remote/content/marionette/interaction.js:431:10
webdriverClickElement@chrome://remote/content/marionette/interaction.js:179:31
1659545544480	Marionette	WARN	TimedPromise timed out after 500 ms: stacktrace:
TimedPromise/<@chrome://remote/content/marionette/sync.js:237:24
TimedPromise@chrome://remote/content/marionette/sync.js:222:10
interaction.flushEventLoop@chrome://remote/content/marionette/interaction.js:431:10
webdriverClickElement@chrome://remote/content/marionette/interaction.js:179:31
JavaScript error: resource://gre/modules/AsyncShutdown.jsm, line 577: NotFoundError: No such JSWindowActor 'DevToolsFrame'
1659615787650	Marionette	INFO	Stopped listening on port 64998
console.warn: TopSitesFeed: Failed to fetch data from Contile server: NetworkError when attempting to fetch resource.
1659615913971	geckodriver	INFO	Listening on 127.0.0.1:61753
1659615917030	mozrunner::runner	INFO	Running command: "C:\\Program Files\\Mozilla Firefox\\firefox.exe" "--marionette" "--remote-debugging-port" "61754" "--remote-allow-hosts" "localhost" "-no-remote" "-profile" "C:\\Users\\GLEISS~1.SAN\\AppData\\Local\\Temp\\rust_mozprofileiZRP1H"
1659615917941	Marionette	INFO	Marionette enabled
1659615917947	Marionette	INFO	Listening on port 61768
WebDriver BiDi listening on ws://localhost:61754
Read port: 61768
1659615918120	RemoteAgent	WARN	TLS certificate errors will be ignored for this session
console.warn: SearchSettings: "get: No settings file exists, new profile?" (new NotFoundError("Could not open the file at C:\\Users\\GLEISS~1.SAN\\AppData\\Local\\Temp\\rust_mozprofileiZRP1H\\search.json.mozlz4", (void 0)))
DevTools listening on ws://localhost:61754/devtools/browser/bf33f96d-93fa-44fd-8d96-20f7c1e9ed42
1659615926495	Marionette	WARN	TimedPromise timed out after 500 ms: stacktrace:
TimedPromise/<@chrome://remote/content/marionette/sync.js:237:24
TimedPromise@chrome://remote/content/marionette/sync.js:222:10
interaction.flushEventLoop@chrome://remote/content/marionette/interaction.js:431:10
webdriverClickElement@chrome://remote/content/marionette/interaction.js:179:31
1659615927713	Marionette	WARN	TimedPromise timed out after 500 ms: stacktrace:
TimedPromise/<@chrome://remote/content/marionette/sync.js:237:24
TimedPromise@chrome://remote/content/marionette/sync.js:222:10
interaction.flushEventLoop@chrome://remote/content/marionette/interaction.js:431:10
webdriverClickElement@chrome://remote/content/marionette/interaction.js:179:31
1659615928942	Marionette	WARN	TimedPromise timed out after 500 ms: stacktrace:
TimedPromise/<@chrome://remote/content/marionette/sync.js:237:24
TimedPromise@chrome://remote/content/marionette/sync.js:222:10
interaction.flushEventLoop@chrome://remote/content/marionette/interaction.js:431:10
webdriverClickElement@chrome://remote/content/marionette/interaction.js:179:31
1659615930159	Marionette	WARN	TimedPromise timed out after 500 ms: stacktrace:
TimedPromise/<@chrome://remote/content/marionette/sync.js:237:24
TimedPromise@chrome://remote/content/marionette/sync.js:222:10
interaction.flushEventLoop@chrome://remote/content/marionette/interaction.js:431:10
webdriverClickElement@chrome://remote/content/marionette/interaction.js:179:31
1659615931422	Marionette	WARN	TimedPromise timed out after 500 ms: stacktrace:
TimedPromise/<@chrome://remote/content/marionette/sync.js:237:24
TimedPromise@chrome://remote/content/marionette/sync.js:222:10
interaction.flushEventLoop@chrome://remote/content/marionette/interaction.js:431:10
webdriverClickElement@chrome://remote/content/marionette/interaction.js:179:31
1659615983479	Marionette	INFO	Stopped listening on port 61768
9615975766	mozrunner::runner	INFO	Running command: "C:\\Program Files\\Mozilla Firefox\\firefox.exe" "--marionette" "--remote-debugging-port" "61866" "--remote-allow-hosts" "localhost" "-no-remote" "-profile" "C:\\Users\\GLEISS~1.SAN\\AppData\\Local\\Temp\\rust_mozprofile0T5Oy1"
1659615976310	Marionette	INFO	Marionette enabled
1659615976315	Marionette	INFO	Listening on port 61875
WebDriver BiDi listening on ws://localhost:61866
Read port: 61875
1659615976484	RemoteAgent	WARN	TLS certificate errors will be ignored for this session
console.warn: SearchSettings: "get: No settings file exists, new profile?" (new NotFoundError("Could not open the file at C:\\Users\\GLEISS~1.SAN\\AppData\\Local\\Temp\\rust_mozprofile0T5Oy1\\search.json.mozlz4", (void 0)))
DevTools listening on ws://localhost:61866/devtools/browser/9148e163-9f89-4904-bf71-480d4f3efdaa
1659616056041	Marionette	WARN	TimedPromise timed out after 500 ms: stacktrace:
TimedPromise/<@chrome://remote/content/marionette/sync.js:237:24
TimedPromise@chrome://remote/content/marionette/sync.js:222:10
interaction.flushEventLoop@chrome://remote/content/marionette/interaction.js:431:10
webdriverClickElement@chrome://remote/content/marionette/interaction.js:179:31
1659616056073	Marionette	WARN	TimedPromise timed out after 500 ms: stacktrace:
TimedPromise/<@chrome://remote/content/marionette/sync.js:237:24
TimedPromise@chrome://remote/content/marionette/sync.js:222:10
interaction.flushEventLoop@chrome://remote/content/marionette/interaction.js:431:10
webdriverClickElement@chrome://remote/content/marionette/interaction.js:179:31
1659616057287	Marionette	WARN	TimedPromise timed out after 500 ms: stacktrace:
TimedPromise/<@chrome://remote/content/marionette/sync.js:237:24
TimedPromise@chrome://remote/content/marionette/sync.js:222:10
interaction.flushEventLoop@chrome://remote/content/marionette/interaction.js:431:10
webdriverClickElement@chrome://remote/content/marionette/interaction.js:179:31
1659616058517	Marionette	WARN	TimedPromise timed out after 500 ms: stacktrace:
TimedPromise/<@chrome://remote/content/marionette/sync.js:237:24
TimedPromise@chrome://remote/content/marionette/sync.js:222:10
interaction.flushEventLoop@chrome://remote/content/marionette/interaction.js:431:10
webdriverClickElement@chrome://remote/content/marionette/interaction.js:179:31
1659616059744	Marionette	WARN	TimedPromise timed out after 500 ms: stacktrace:
TimedPromise/<@chrome://remote/content/marionette/sync.js:237:24
TimedPromise@chrome://remote/content/marionette/sync.js:222:10
interaction.flushEventLoop@chrome://remote/content/marionette/interaction.js:431:10
webdriverClickElement@chrome://remote/content/marionette/interaction.js:179:31
1659616060988	Marionette	WARN	TimedPromise timed out after 500 ms: stacktrace:
TimedPromise/<@chrome://remote/content/marionette/sync.js:237:24
TimedPromise@chrome://remote/content/marionette/sync.js:222:10
interaction.flushEventLoop@chrome://remote/content/marionette/interaction.js:431:10
webdriverClickElement@chrome://remote/content/marionette/interaction.js:179:31
1659617165402	Marionette	INFO	Stopped listening on port 61875
console.warn: TopSitesFeed: Failed to fetch data from Contile server: NetworkError when attempting to fetch resource.
remote-debugging-port" "62728" "--remote-allow-hosts" "localhost" "-no-remote" "-profile" "C:\\Users\\GLEISS~1.SAN\\AppData\\Local\\Temp\\rust_mozprofilebPvNTW"
1659617074706	Marionette	INFO	Marionette enabled
1659617074711	Marionette	INFO	Listening on port 62736
WebDriver BiDi listening on ws://localhost:62728
Read port: 62736
1659617074854	RemoteAgent	WARN	TLS certificate errors will be ignored for this session
console.warn: SearchSettings: "get: No settings file exists, new profile?" (new NotFoundError("Could not open the file at C:\\Users\\GLEISS~1.SAN\\AppData\\Local\\Temp\\rust_mozprofilebPvNTW\\search.json.mozlz4", (void 0)))
DevTools listening on ws://localhost:62728/devtools/browser/cea4cb13-4faa-4eb0-80c5-ec3a2d878ac9
1659619735915	Marionette	WARN	TimedPromise timed out after 500 ms: stacktrace:
TimedPromise/<@chrome://remote/content/marionette/sync.js:237:24
TimedPromise@chrome://remote/content/marionette/sync.js:222:10
interaction.flushEventLoop@chrome://remote/content/marionette/interaction.js:431:10
webdriverClickElement@chrome://remote/content/marionette/interaction.js:179:31
1659619737990	Marionette	WARN	TimedPromise timed out after 500 ms: stacktrace:
TimedPromise/<@chrome://remote/content/marionette/sync.js:237:24
TimedPromise@chrome://remote/content/marionette/sync.js:222:10
interaction.flushEventLoop@chrome://remote/content/marionette/interaction.js:431:10
webdriverClickElement@chrome://remote/content/marionette/interaction.js:179:31
1659621851004	Marionette	WARN	TimedPromise timed out after 500 ms: stacktrace:
TimedPromise/<@chrome://remote/content/marionette/sync.js:237:24
TimedPromise@chrome://remote/content/marionette/sync.js:222:10
interaction.flushEventLoop@chrome://remote/content/marionette/interaction.js:431:10
webdriverClickElement@chrome://remote/content/marionette/interaction.js:179:31
1659622708956	Marionette	INFO	Stopped listening on port 62736
console.warn: TopSitesFeed: Failed to fetch data from Contile server: NetworkError when attempting to fetch resource.
1659631494607	geckodriver	INFO	Listening on 127.0.0.1:50026
1659631497629	mozrunner::runner	INFO	Running command: "C:\\Program Files\\Mozilla Firefox\\firefox.exe" "--marionette" "--remote-debugging-port" "50027" "--remote-allow-hosts" "localhost" "-no-remote" "-profile" "C:\\Users\\GLEISS~1.SAN\\AppData\\Local\\Temp\\rust_mozprofiledAcrVW"
1659631498748	Marionette	INFO	Marionette enabled
1659631498755	Marionette	INFO	Listening on port 50036
WebDriver BiDi listening on ws://localhost:50027
Read port: 50036
1659631498933	RemoteAgent	WARN	TLS certificate errors will be ignored for this session
console.warn: SearchSettings: "get: No settings file exists, new profile?" (new NotFoundError("Could not open the file at C:\\Users\\GLEISS~1.SAN\\AppData\\Local\\Temp\\rust_mozprofiledAcrVW\\search.json.mozlz4", (void 0)))
DevTools listening on ws://localhost:50027/devtools/browser/6a809c7c-c5a9-4281-bc40-1a3f1c72a06e
1659639893265	Marionette	INFO	Stopped listening on port 50036
console.warn: TopSitesFeed: Failed to fetch data from Contile server: NetworkError when attempting to fetch resource.
1659640745880	geckodriver	INFO	Listening on 127.0.0.1:49255
1659640748883	mozrunner::runner	INFO	Running command: "C:\\Program Files\\Mozilla Firefox\\firefox.exe" "--marionette" "--remote-debugging-port" "49256" "--remote-allow-hosts" "localhost" "-no-remote" "-profile" "C:\\Users\\GLEISS~1.SAN\\AppData\\Local\\Temp\\rust_mozprofileJtUbXU"
1659640749945	Marionette	INFO	Marionette enabled
1659640749950	Marionette	INFO	Listening on port 49268
WebDriver BiDi listening on ws://localhost:49256
Read port: 49268
1659640750129	RemoteAgent	WARN	TLS certificate errors will be ignored for this session
console.warn: SearchSettings: "get: No settings file exists, new profile?" (new NotFoundError("Could not open the file at C:\\Users\\GLEISS~1.SAN\\AppData\\Local\\Temp\\rust_mozprofileJtUbXU\\search.json.mozlz4", (void 0)))
DevTools listening on ws://localhost:49256/devtools/browser/7b8c93ae-f778-403b-8361-9b5f726f103c
1659640755465	Marionette	WARN	Ignoring event 'pageshow' because document has an invalid readyState of 'interactive'.
1659640756325	Marionette	WARN	Ignoring event 'pageshow' because document has an invalid readyState of 'interactive'.
1659640756895	Marionette	WARN	Ignoring event 'pageshow' because document has an invalid readyState of 'interactive'.
1659640757203	Marionette	WARN	Ignoring event 'pageshow' because document has an invalid readyState of 'interactive'.
1659640757380	Marionette	WARN	Ignoring event 'pageshow' because document has an invalid readyState of 'interactive'.
1659640757538	Marionette	WARN	Ignoring event 'pageshow' because document has an invalid readyState of 'interactive'.
1659640757658	Marionette	WARN	Ignoring event 'pageshow' because document has an invalid readyState of 'interactive'.
1659640757889	Marionette	WARN	Ignoring event 'pageshow' because document has an invalid readyState of 'interactive'.
1659640758808	Marionette	INFO	Stopped listening on port 49268
console.warn: TopSitesFeed: Failed to fetch data from Contile server: NetworkError when attempting to fetch resource.
1659640788782	geckodriver	INFO	Listening on 127.0.0.1:49309
1659640791801	mozrunner::runner	INFO	Running command: "C:\\Program Files\\Mozilla Firefox\\firefox.exe" "--marionette" "--remote-debugging-port" "49310" "--remote-allow-hosts" "localhost" "-no-remote" "-profile" "C:\\Users\\GLEISS~1.SAN\\AppData\\Local\\Temp\\rust_mozprofile3vdJFe"
1659640792343	Marionette	INFO	Marionette enabled
1659640792346	Marionette	INFO	Listening on port 49318
WebDriver BiDi listening on ws://localhost:49310
Read port: 49318
1659640792501	RemoteAgent	WARN	TLS certificate errors will be ignored for this session
console.warn: SearchSettings: "get: No settings file exists, new profile?" (new NotFoundError("Could not open the file at C:\\Users\\GLEISS~1.SAN\\AppData\\Local\\Temp\\rust_mozprofile3vdJFe\\search.json.mozlz4", (void 0)))
DevTools listening on ws://localhost:49310/devtools/browser/6117851d-975e-4218-913b-f502ed057aae
JavaScript error: resource://gre/modules/AsyncShutdown.jsm, line 577: NotFoundError: No such JSWindowActor 'DevToolsFrame'
1659641341796	Marionette	INFO	Stopped listening on port 49318
console.warn: TopSitesFeed: Failed to fetch data from Contile server: NetworkError when attempting to fetch resource.
1659641653206	geckodriver	INFO	Listening on 127.0.0.1:59059
1659641656240	mozrunner::runner	INFO	Running command: "C:\\Program Files\\Mozilla Firefox\\firefox.exe" "--marionette" "--remote-debugging-port" "59060" "--remote-allow-hosts" "localhost" "-no-remote" "-profile" "C:\\Users\\GLEISS~1.SAN\\AppData\\Local\\Temp\\rust_mozprofile7N2wbt"
1659641657087	Marionette	INFO	Marionette enabled
1659641657091	Marionette	INFO	Listening on port 59069
WebDriver BiDi listening on ws://localhost:59060
Read port: 59069
1659641657254	RemoteAgent	WARN	TLS certificate errors will be ignored for this session
console.warn: SearchSettings: "get: No settings file exists, new profile?" (new NotFoundError("Could not open the file at C:\\Users\\GLEISS~1.SAN\\AppData\\Local\\Temp\\rust_mozprofile7N2wbt\\search.json.mozlz4", (void 0)))
DevTools listening on ws://localhost:59060/devtools/browser/df0d5009-6373-400b-a87a-330d42f64327
1659641676016	Marionette	INFO	Stopped listening on port 59069
console.warn: TopSitesFeed: Failed to fetch data from Contile server: NetworkError when attempting to fetch resource.
remote-debugging-port" "59093" "--remote-allow-hosts" "localhost" "-no-remote" "-profile" "C:\\Users\\GLEISS~1.SAN\\AppData\\Local\\Temp\\rust_mozprofile549U5v"
1659641672898	Marionette	INFO	Marionette enabled
1659641672902	Marionette	INFO	Listening on port 59104
WebDriver BiDi listening on ws://localhost:59093
Read port: 59104
1659641673045	RemoteAgent	WARN	TLS certificate errors will be ignored for this session
console.warn: SearchSettings: "get: No settings file exists, new profile?" (new NotFoundError("Could not open the file at C:\\Users\\GLEISS~1.SAN\\AppData\\Local\\Temp\\rust_mozprofile549U5v\\search.json.mozlz4", (void 0)))
DevTools listening on ws://localhost:59093/devtools/browser/3aca8afc-af1b-4a68-9ed6-41a2c2f23e19
1659700298815	Marionette	INFO	Stopped listening on port 59104
console.warn: TopSitesFeed: Failed to fetch data from Contile server: NetworkError when attempting to fetch resource.
1659700914796	geckodriver	INFO	Listening on 127.0.0.1:49319
1659700917846	mozrunner::runner	INFO	Running command: "C:\\Program Files\\Mozilla Firefox\\firefox.exe" "--marionette" "--remote-debugging-port" "49320" "--remote-allow-hosts" "localhost" "-no-remote" "-profile" "C:\\Users\\GLEISS~1.SAN\\AppData\\Local\\Temp\\rust_mozprofileHRnmJq"
1659700918783	Marionette	INFO	Marionette enabled
1659700918788	Marionette	INFO	Listening on port 49332
WebDriver BiDi listening on ws://localhost:49320
Read port: 49332
1659700918959	RemoteAgent	WARN	TLS certificate errors will be ignored for this session
console.warn: SearchSettings: "get: No settings file exists, new profile?" (new NotFoundError("Could not open the file at C:\\Users\\GLEISS~1.SAN\\AppData\\Local\\Temp\\rust_mozprofileHRnmJq\\search.json.mozlz4", (void 0)))
DevTools listening on ws://localhost:49320/devtools/browser/ac04c63f-8949-4aa5-b4c6-b551d57c7b43
JavaScript error: resource://gre/modules/AsyncShutdown.jsm, line 577: NotFoundError: No such JSWindowActor 'DevToolsFrame'
1659706288873	Marionette	INFO	Stopped listening on port 49332
1659706294139	geckodriver	INFO	Listening on 127.0.0.1:50946
1659706297157	mozrunner::runner	INFO	Running command: "C:\\Program Files\\Mozilla Firefox\\firefox.exe" "--marionette" "--remote-debugging-port" "50947" "--remote-allow-hosts" "localhost" "-no-remote" "-profile" "C:\\Users\\GLEISS~1.SAN\\AppData\\Local\\Temp\\rust_mozprofilekNqTAh"
1659706297938	Marionette	INFO	Marionette enabled
1659706297943	Marionette	INFO	Listening on port 50956
WebDriver BiDi listening on ws://localhost:50947
Read port: 50956
1659706298093	RemoteAgent	WARN	TLS certificate errors will be ignored for this session
console.warn: SearchSettings: "get: No settings file exists, new profile?" (new NotFoundError("Could not open the file at C:\\Users\\GLEISS~1.SAN\\AppData\\Local\\Temp\\rust_mozprofilekNqTAh\\search.json.mozlz4", (void 0)))
DevTools listening on ws://localhost:50947/devtools/browser/51e75f1d-f4a6-4d54-8452-ac1a925cad57
1659706549383	Marionette	WARN	TimedPromise timed out after 500 ms: stacktrace:
TimedPromise/<@chrome://remote/content/marionette/sync.js:237:24
TimedPromise@chrome://remote/content/marionette/sync.js:222:10
interaction.flushEventLoop@chrome://remote/content/marionette/interaction.js:431:10
webdriverClickElement@chrome://remote/content/marionette/interaction.js:179:31
1659706555165	Marionette	WARN	TimedPromise timed out after 500 ms: stacktrace:
TimedPromise/<@chrome://remote/content/marionette/sync.js:237:24
TimedPromise@chrome://remote/content/marionette/sync.js:222:10
interaction.flushEventLoop@chrome://remote/content/marionette/interaction.js:431:10
webdriverClickElement@chrome://remote/content/marionette/interaction.js:179:31
1659706603825	Marionette	WARN	TimedPromise timed out after 500 ms: stacktrace:
TimedPromise/<@chrome://remote/content/marionette/sync.js:237:24
TimedPromise@chrome://remote/content/marionette/sync.js:222:10
interaction.flushEventLoop@chrome://remote/content/marionette/interaction.js:431:10
webdriverClickElement@chrome://remote/content/marionette/interaction.js:179:31
1659706609417	Marionette	WARN	TimedPromise timed out after 500 ms: stacktrace:
TimedPromise/<@chrome://remote/content/marionette/sync.js:237:24
TimedPromise@chrome://remote/content/marionette/sync.js:222:10
interaction.flushEventLoop@chrome://remote/content/marionette/interaction.js:431:10
webdriverClickElement@chrome://remote/content/marionette/interaction.js:179:31
1659706618283	Marionette	WARN	TimedPromise timed out after 500 ms: stacktrace:
TimedPromise/<@chrome://remote/content/marionette/sync.js:237:24
TimedPromise@chrome://remote/content/marionette/sync.js:222:10
interaction.flushEventLoop@chrome://remote/content/marionette/interaction.js:431:10
webdriverClickElement@chrome://remote/content/marionette/interaction.js:179:31
1659706673169	Marionette	WARN	TimedPromise timed out after 500 ms: stacktrace:
TimedPromise/<@chrome://remote/content/marionette/sync.js:237:24
TimedPromise@chrome://remote/content/marionette/sync.js:222:10
interaction.flushEventLoop@chrome://remote/content/marionette/interaction.js:431:10
webdriverClickElement@chrome://remote/content/marionette/interaction.js:179:31
1659706679080	Marionette	WARN	TimedPromise timed out after 500 ms: stacktrace:
TimedPromise/<@chrome://remote/content/marionette/sync.js:237:24
TimedPromise@chrome://remote/content/marionette/sync.js:222:10
interaction.flushEventLoop@chrome://remote/content/marionette/interaction.js:431:10
webdriverClickElement@chrome://remote/content/marionette/interaction.js:179:31
